#
# A fatal error has been detected by the Java Runtime Environment:
#
#  EXCEPTION_ACCESS_VIOLATION (0xc0000005) at pc=0x60bf0f3b, pid=3268, tid=7352
#
# JRE version: 7.0_05-b06
# Java VM: Java HotSpot(TM) Client VM (23.1-b03 mixed mode windows-x86 )
# Problematic frame:
# V  [jvm.dll+0xc0f3b]
#
# Failed to write core dump. Minidumps are not enabled by default on client versions of Windows
#
# If you would like to submit a bug report, please visit:
#   http://bugreport.sun.com/bugreport/crash.jsp
#

---------------  T H R E A D  ---------------

Current thread (0x179d2400):  JavaThread "JDWP Transport Listener: dt_socket" daemon [_thread_in_vm, id=7352, stack(0x01280000,0x012d0000)]

siginfo: ExceptionCode=0xc0000005, reading address 0x532f6c69

Registers:
EAX=0x532f6c69, EBX=0x00000000, ECX=0x532f6c69, EDX=0x00000000
ESP=0x012cf4ec, EBP=0x012cf4f0, ESI=0x179d2400, EDI=0x0181eee0
EIP=0x60bf0f3b, EFLAGS=0x00010206

Top of Stack: (sp=0x012cf4ec)
0x012cf4ec:   179d2400 012cf51c 60d148ba 532f6c69
0x012cf4fc:   012cf5d4 012cf557 179d2400 00000000
0x012cf50c:   00000000 00000000 179d2400 179d2400
0x012cf51c:   012cf558 6f5d9d5c 0181eee0 532f6c69
0x012cf52c:   012cf557 532f6c69 6f5c436d 532f6c69
0x012cf53c:   012cf557 00000002 00000000 00000000
0x012cf54c:   00000009 00000000 00965ef0 012cf578
0x012cf55c:   6f5c44e0 00000001 012cf594 012cf5d0 

Instructions: (pc=0x60bf0f3b)
0x60bf0f1b:   0c 5f 5e 5d c2 0c 00 cc cc cc cc cc cc cc cc cc
0x60bf0f2b:   cc cc cc cc cc 55 8b ec 8b 45 08 56 85 c0 74 28
0x60bf0f3b:   8b 30 85 f6 74 22 81 fe fe fe fe fe 74 1a 8b 4e
0x60bf0f4b:   04 8b 41 08 8b 90 90 00 00 00 83 c1 08 ff d2 84 


Register to memory mapping:

EAX=0x532f6c69 is an unknown value
EBX=0x00000000 is an unknown value
ECX=0x532f6c69 is an unknown value
EDX=0x00000000 is an unknown value
ESP=0x012cf4ec is pointing into the stack for thread: 0x179d2400
EBP=0x012cf4f0 is pointing into the stack for thread: 0x179d2400
ESI=0x179d2400 is a thread
EDI=0x0181eee0 is an unknown value


Stack: [0x01280000,0x012d0000],  sp=0x012cf4ec,  free space=317k
Native frames: (J=compiled Java code, j=interpreted, Vv=VM code, C=native code)
V  [jvm.dll+0xc0f3b]
V  [jvm.dll+0x1e48ba]
C  [jdwp.dll+0x19d5c]  Agent_OnLoad+0xe9ef
C  [jdwp.dll+0x44e0]
C  [jdwp.dll+0x451e]


---------------  P R O C E S S  ---------------

Java Threads: ( => current thread )
  0x179ef400 JavaThread "Service Thread" daemon [_thread_blocked, id=3900, stack(0x17e50000,0x17ea0000)]
  0x179ecc00 JavaThread "C1 CompilerThread0" daemon [_thread_blocked, id=2508, stack(0x18370000,0x183c0000)]
  0x179dc800 JavaThread "JDWP Command Reader" daemon [_thread_in_native, id=1636, stack(0x18420000,0x18470000)]
  0x179db400 JavaThread "JDWP Event Helper Thread" daemon [_thread_blocked, id=7220, stack(0x17da0000,0x17df0000)]
=>0x179d2400 JavaThread "JDWP Transport Listener: dt_socket" daemon [_thread_in_vm, id=7352, stack(0x01280000,0x012d0000)]
  0x179cbc00 JavaThread "Attach Listener" daemon [_thread_blocked, id=11548, stack(0x17f20000,0x17f70000)]
  0x179c6800 JavaThread "Signal Dispatcher" daemon [_thread_blocked, id=9416, stack(0x17e00000,0x17e50000)]
  0x1796f400 JavaThread "Finalizer" daemon [_thread_blocked, id=11636, stack(0x17b70000,0x17bc0000)]
  0x1796a000 JavaThread "Reference Handler" daemon [_thread_blocked, id=9588, stack(0x17cd0000,0x17d20000)]
  0x0117b400 JavaThread "main" [_thread_blocked, id=5740, stack(0x011a0000,0x011f0000)]

Other Threads:
  0x17965000 VMThread [stack: 0x17c20000,0x17c70000] [id=7700]
  0x179f8400 WatcherThread [stack: 0x185a0000,0x185f0000] [id=5172]

VM state:not at safepoint (normal execution)

VM Mutex/Monitor currently owned by a thread: None

Heap
 def new generation   total 4928K, used 4148K [0x03960000, 0x03eb0000, 0x08eb0000)
  eden space 4416K,  82% used [0x03960000, 0x03ced028, 0x03db0000)
  from space 512K, 100% used [0x03e30000, 0x03eb0000, 0x03eb0000)
  to   space 512K,   0% used [0x03db0000, 0x03db0000, 0x03e30000)
 tenured generation   total 10944K, used 2686K [0x08eb0000, 0x09960000, 0x13960000)
   the space 10944K,  24% used [0x08eb0000, 0x0914fb30, 0x0914fc00, 0x09960000)
 compacting perm gen  total 12288K, used 6193K [0x13960000, 0x14560000, 0x17960000)
   the space 12288K,  50% used [0x13960000, 0x13f6c688, 0x13f6c800, 0x14560000)
No shared spaces configured.

Code Cache  [0x01960000, 0x01ab0000, 0x03960000)
 total_blobs=506 nmethods=362 adapters=87 free_code_cache=31452Kb largest_free_block=32206848

Compilation events (10 events):
Event: 0.950 Thread 0x179ecc00  357             java.util.Calendar::internalGet (7 bytes)
Event: 0.950 Thread 0x179ecc00 nmethod 357 0x01a9f808 code [0x01a9f900, 0x01a9f9a0]
Event: 0.950 Thread 0x179ecc00  358             java.text.SimpleDateFormat::compile (616 bytes)
Event: 0.952 Thread 0x179ecc00 nmethod 358 0x01a9fa48 code [0x01a9fdb0, 0x01aa1228]
Event: 0.952 Thread 0x179ecc00  359   !         java.net.URL::<init> (543 bytes)
Event: 0.955 Thread 0x179ecc00 nmethod 359 0x01aa3a48 code [0x01aa3dd0, 0x01aa66b4]
Event: 0.955 Thread 0x179ecc00  360             java.util.ArrayList::<init> (44 bytes)
Event: 0.955 Thread 0x179ecc00 nmethod 360 0x01aa8788 code [0x01aa88d0, 0x01aa8be0]
Event: 0.955 Thread 0x179ecc00  361             java.util.ArrayList::<init> (7 bytes)
Event: 0.955 Thread 0x179ecc00 nmethod 361 0x01aa8e08 code [0x01aa8f00, 0x01aa8f9c]

GC Heap History (6 events):
Event: 0.304 GC heap before
{Heap before GC invocations=0 (full 0):
 def new generation   total 4928K, used 4416K [0x03960000, 0x03eb0000, 0x08eb0000)
  eden space 4416K, 100% used [0x03960000, 0x03db0000, 0x03db0000)
  from space 512K,   0% used [0x03db0000, 0x03db0000, 0x03e30000)
  to   space 512K,   0% used [0x03e30000, 0x03e30000, 0x03eb0000)
 tenured generation   total 10944K, used 0K [0x08eb0000, 0x09960000, 0x13960000)
   the space 10944K,   0% used [0x08eb0000, 0x08eb0000, 0x08eb0200, 0x09960000)
 compacting perm gen  total 12288K, used 3394K [0x13960000, 0x14560000, 0x17960000)
   the space 12288K,  27% used [0x13960000, 0x13cb08a8, 0x13cb0a00, 0x14560000)
No shared spaces configured.
Event: 0.310 GC heap after
Heap after GC invocations=1 (full 0):
 def new generation   total 4928K, used 512K [0x03960000, 0x03eb0000, 0x08eb0000)
  eden space 4416K,   0% used [0x03960000, 0x03960000, 0x03db0000)
  from space 512K, 100% used [0x03e30000, 0x03eb0000, 0x03eb0000)
  to   space 512K,   0% used [0x03db0000, 0x03db0000, 0x03e30000)
 tenured generation   total 10944K, used 866K [0x08eb0000, 0x09960000, 0x13960000)
   the space 10944K,   7% used [0x08eb0000, 0x08f88b38, 0x08f88c00, 0x09960000)
 compacting perm gen  total 12288K, used 3394K [0x13960000, 0x14560000, 0x17960000)
   the space 12288K,  27% used [0x13960000, 0x13cb08a8, 0x13cb0a00, 0x14560000)
No shared spaces configured.
}
Event: 0.413 GC heap before
{Heap before GC invocations=1 (full 0):
 def new generation   total 4928K, used 4928K [0x03960000, 0x03eb0000, 0x08eb0000)
  eden space 4416K, 100% used [0x03960000, 0x03db0000, 0x03db0000)
  from space 512K, 100% used [0x03e30000, 0x03eb0000, 0x03eb0000)
  to   space 512K,   0% used [0x03db0000, 0x03db0000, 0x03e30000)
 tenured generation   total 10944K, used 866K [0x08eb0000, 0x09960000, 0x13960000)
   the space 10944K,   7% used [0x08eb0000, 0x08f88b38, 0x08f88c00, 0x09960000)
 compacting perm gen  total 12288K, used 4269K [0x13960000, 0x14560000, 0x17960000)
   the space 12288K,  34% used [0x13960000, 0x13d8b600, 0x13d8b600, 0x14560000)
No shared spaces configured.
Event: 0.419 GC heap after
Heap after GC invocations=2 (full 0):
 def new generation   total 4928K, used 512K [0x03960000, 0x03eb0000, 0x08eb0000)
  eden space 4416K,   0% used [0x03960000, 0x03960000, 0x03db0000)
  from space 512K, 100% used [0x03db0000, 0x03e30000, 0x03e30000)
  to   space 512K,   0% used [0x03e30000, 0x03e30000, 0x03eb0000)
 tenured generation   total 10944K, used 1620K [0x08eb0000, 0x09960000, 0x13960000)
   the space 10944K,  14% used [0x08eb0000, 0x09045378, 0x09045400, 0x09960000)
 compacting perm gen  total 12288K, used 4269K [0x13960000, 0x14560000, 0x17960000)
   the space 12288K,  34% used [0x13960000, 0x13d8b600, 0x13d8b600, 0x14560000)
No shared spaces configured.
}
Event: 0.856 GC heap before
{Heap before GC invocations=2 (full 0):
 def new generation   total 4928K, used 4928K [0x03960000, 0x03eb0000, 0x08eb0000)
  eden space 4416K, 100% used [0x03960000, 0x03db0000, 0x03db0000)
  from space 512K, 100% used [0x03db0000, 0x03e30000, 0x03e30000)
  to   space 512K,   0% used [0x03e30000, 0x03e30000, 0x03eb0000)
 tenured generation   total 10944K, used 1620K [0x08eb0000, 0x09960000, 0x13960000)
   the space 10944K,  14% used [0x08eb0000, 0x09045378, 0x09045400, 0x09960000)
 compacting perm gen  total 12288K, used 5616K [0x13960000, 0x14560000, 0x17960000)
   the space 12288K,  45% used [0x13960000, 0x13edc150, 0x13edc200, 0x14560000)
No shared spaces configured.
Event: 0.861 GC heap after
Heap after GC invocations=3 (full 0):
 def new generation   total 4928K, used 512K [0x03960000, 0x03eb0000, 0x08eb0000)
  eden space 4416K,   0% used [0x03960000, 0x03960000, 0x03db0000)
  from space 512K, 100% used [0x03e30000, 0x03eb0000, 0x03eb0000)
  to   space 512K,   0% used [0x03db0000, 0x03db0000, 0x03e30000)
 tenured generation   total 10944K, used 2686K [0x08eb0000, 0x09960000, 0x13960000)
   the space 10944K,  24% used [0x08eb0000, 0x0914fb30, 0x0914fc00, 0x09960000)
 compacting perm gen  total 12288K, used 5616K [0x13960000, 0x14560000, 0x17960000)
   the space 12288K,  45% used [0x13960000, 0x13edc150, 0x13edc200, 0x14560000)
No shared spaces configured.
}

Deoptimization events (0 events):
No events

Internal exceptions (10 events):
Event: 0.922 Thread 0x0117b400 Threw 0x03c43400 at C:\jdk7u5_32P\jdk7u5\hotspot\src\share\vm\prims\jvm.cpp:1166
Event: 0.922 Thread 0x0117b400 Threw 0x03c46900 at C:\jdk7u5_32P\jdk7u5\hotspot\src\share\vm\prims\jvm.cpp:1166
Event: 0.923 Thread 0x0117b400 Threw 0x03c4a068 at C:\jdk7u5_32P\jdk7u5\hotspot\src\share\vm\prims\jvm.cpp:1166
Event: 0.924 Thread 0x0117b400 Threw 0x03c4d600 at C:\jdk7u5_32P\jdk7u5\hotspot\src\share\vm\prims\jvm.cpp:1166
Event: 0.936 Thread 0x0117b400 Threw 0x03c675a0 at C:\jdk7u5_32P\jdk7u5\hotspot\src\share\vm\prims\jvm.cpp:1166
Event: 0.950 Thread 0x0117b400 Threw 0x03cb4070 at C:\jdk7u5_32P\jdk7u5\hotspot\src\share\vm\prims\jvm.cpp:1166
Event: 0.951 Thread 0x0117b400 Threw 0x03cb7a78 at C:\jdk7u5_32P\jdk7u5\hotspot\src\share\vm\prims\jvm.cpp:1166
Event: 0.951 Thread 0x0117b400 Threw 0x03cba378 at C:\jdk7u5_32P\jdk7u5\hotspot\src\share\vm\prims\jvm.cpp:1166
Event: 0.952 Thread 0x0117b400 Threw 0x03cbe350 at C:\jdk7u5_32P\jdk7u5\hotspot\src\share\vm\prims\jvm.cpp:1166
Event: 0.952 Thread 0x0117b400 Threw 0x03cc1fa8 at C:\jdk7u5_32P\jdk7u5\hotspot\src\share\vm\prims\jvm.cpp:1166

Events (10 events):
Event: 76.759 Executing VM operation: GetOrSetLocal
Event: 76.759 Executing VM operation: GetOrSetLocal done
Event: 76.763 Executing VM operation: GetOrSetLocal
Event: 76.763 Executing VM operation: GetOrSetLocal done
Event: 76.763 Executing VM operation: GetOrSetLocal
Event: 76.763 Executing VM operation: GetOrSetLocal done
Event: 76.777 Executing VM operation: GetOrSetLocal
Event: 76.777 Executing VM operation: GetOrSetLocal done
Event: 389.241 Executing VM operation: RedefineClasses
Event: 389.242 Executing VM operation: RedefineClasses done


Dynamic libraries:
0x013d0000 - 0x013ff000 	C:\glassfish3\jdk7\bin\javaw.exe
0x76fa0000 - 0x770dc000 	C:\WINDOWS\SYSTEM32\ntdll.dll
0x759c0000 - 0x75a94000 	C:\WINDOWS\system32\kernel32.dll
0x75310000 - 0x7535a000 	C:\WINDOWS\system32\KERNELBASE.dll
0x755f0000 - 0x75690000 	C:\WINDOWS\system32\ADVAPI32.dll
0x76ed0000 - 0x76f7c000 	C:\WINDOWS\system32\msvcrt.dll
0x76f80000 - 0x76f99000 	C:\WINDOWS\SYSTEM32\sechost.dll
0x75770000 - 0x75811000 	C:\WINDOWS\system32\RPCRT4.dll
0x77100000 - 0x771c9000 	C:\WINDOWS\system32\USER32.dll
0x76b80000 - 0x76bce000 	C:\WINDOWS\system32\GDI32.dll
0x75690000 - 0x7569a000 	C:\WINDOWS\system32\LPK.dll
0x75ab0000 - 0x75b4d000 	C:\WINDOWS\system32\USP10.dll
0x73d10000 - 0x73eae000 	C:\WINDOWS\WinSxS\x86_microsoft.windows.common-controls_6595b64144ccf1df_6.0.7601.17514_none_41e6975e2bd6f2b2\COMCTL32.dll
0x76e70000 - 0x76ec7000 	C:\WINDOWS\system32\SHLWAPI.dll
0x770e0000 - 0x770ff000 	C:\WINDOWS\system32\IMM32.DLL
0x756a0000 - 0x7576c000 	C:\WINDOWS\system32\MSCTF.dll
0x6a550000 - 0x6a60e000 	C:\glassfish3\jdk7\jre\bin\msvcr100.dll
0x60b30000 - 0x60e7a000 	C:\glassfish3\jdk7\jre\bin\client\jvm.dll
0x71e90000 - 0x71e97000 	C:\WINDOWS\system32\WSOCK32.dll
0x75980000 - 0x759b5000 	C:\WINDOWS\system32\WS2_32.dll
0x75b60000 - 0x75b66000 	C:\WINDOWS\system32\NSI.dll
0x73c90000 - 0x73cc2000 	C:\WINDOWS\system32\WINMM.dll
0x75aa0000 - 0x75aa5000 	C:\WINDOWS\system32\PSAPI.DLL
0x72d90000 - 0x72d9c000 	C:\glassfish3\jdk7\jre\bin\verify.dll
0x6feb0000 - 0x6fed0000 	C:\glassfish3\jdk7\jre\bin\java.dll
0x6f5c0000 - 0x6f5ea000 	C:\glassfish3\jdk7\jre\bin\jdwp.dll
0x72e20000 - 0x72e27000 	C:\glassfish3\jdk7\jre\bin\npt.dll
0x72d60000 - 0x72d73000 	C:\glassfish3\jdk7\jre\bin\zip.dll
0x72640000 - 0x72648000 	C:\glassfish3\jdk7\jre\bin\dt_socket.dll
0x73200000 - 0x73210000 	C:\WINDOWS\system32\NLAapi.dll
0x70b20000 - 0x70b30000 	C:\WINDOWS\system32\napinsp.dll
0x70b00000 - 0x70b12000 	C:\WINDOWS\system32\pnrpnsp.dll
0x74b30000 - 0x74b6c000 	C:\WINDOWS\System32\mswsock.dll
0x74990000 - 0x749d4000 	C:\WINDOWS\system32\DNSAPI.dll
0x70ae0000 - 0x70ae8000 	C:\WINDOWS\System32\winrnr.dll
0x70ad0000 - 0x70add000 	C:\WINDOWS\system32\wshbth.dll
0x728c0000 - 0x728dc000 	C:\WINDOWS\system32\IPHLPAPI.DLL
0x728b0000 - 0x728b7000 	C:\WINDOWS\system32\WINNSI.DLL
0x724c0000 - 0x724f8000 	C:\WINDOWS\System32\fwpuclnt.dll
0x700a0000 - 0x700a6000 	C:\WINDOWS\system32\rasadhlp.dll
0x74630000 - 0x74635000 	C:\WINDOWS\System32\wshtcpip.dll
0x6fc70000 - 0x6fc90000 	C:\glassfish3\jdk7\jre\bin\sunec.dll
0x72cf0000 - 0x72cf9000 	C:\glassfish3\jdk7\jre\bin\sunmscapi.dll
0x751d0000 - 0x752ee000 	C:\WINDOWS\system32\CRYPT32.dll
0x75160000 - 0x7516c000 	C:\WINDOWS\system32\MSASN1.dll
0x74b70000 - 0x74b86000 	C:\WINDOWS\system32\CRYPTSP.dll
0x74910000 - 0x7494b000 	C:\WINDOWS\system32\rsaenh.dll
0x74700000 - 0x74717000 	C:\WINDOWS\system32\USERENV.dll
0x750f0000 - 0x750fb000 	C:\WINDOWS\system32\profapi.dll
0x75040000 - 0x7504c000 	C:\WINDOWS\system32\CRYPTBASE.dll
0x6f920000 - 0x6f934000 	C:\glassfish3\jdk7\jre\bin\net.dll
0x749e0000 - 0x749e6000 	C:\WINDOWS\System32\wship6.dll
0x72e10000 - 0x72e1f000 	C:\glassfish3\jdk7\jre\bin\nio.dll
0x71ea0000 - 0x71f8b000 	C:\WINDOWS\system32\dbghelp.dll

VM Arguments:
jvm_args: -agentlib:jdwp=transport=dt_socket,suspend=y,address=localhost:62117 -Dfile.encoding=Cp1252 
java_command: com.nick.sanz.ReverbNationShowImport
Launcher Type: SUN_STANDARD

Environment Variables:
JAVA_HOME=C:\glassfish3\jdk7
CLASSPATH=.;C:\3rdPartyStuff\apache-maven-3.0.4\bin\;C:\Program Files\SlikSvn\bin\;
PATH=C:\glassfish3\jdk7\jre\bin;C:\Program Files\Common Files\Microsoft Shared\Microsoft Online Services;C:\WINDOWS\system32;C:\WINDOWS;C:\WINDOWS\System32\Wbem;C:\WINDOWS\System32\WindowsPowerShell\v1.0\;C:\3rdPartyStuff\apache-maven-3.0.4\bin\;C:\Program Files\SlikSvn\bin\;C:\Program Files\TortoiseSVN\bin;;C:\glassfish3\jdk7\bin
USERNAME=sanzni01
OS=Windows_NT
PROCESSOR_IDENTIFIER=x86 Family 6 Model 42 Stepping 7, GenuineIntel



---------------  S Y S T E M  ---------------

OS: Windows 7 Build 7601 Service Pack 1

CPU:total 4 (2 cores per cpu, 2 threads per core) family 6 model 42 stepping 7, cmov, cx8, fxsr, mmx, sse, sse2, sse3, ssse3, sse4.1, sse4.2, popcnt, avx, ht, tsc, tscinvbit

Memory: 4k page, physical 3318796k(356100k free), swap 6635836k(1035400k free)

vm_info: Java HotSpot(TM) Client VM (23.1-b03) for windows-x86 JRE (1.7.0_05-b06), built on Jun 27 2012 00:51:27 by "java_re" with unknown MS VC++:1600

time: Wed Feb 27 16:00:22 2013
elapsed time: 389 seconds

